<?xml version="1.0" encoding="UTF-8"?>
<!-- Generated by org.testng.reporters.JUnitReportReporter -->
<testsuite hostname="TEO-Younas" failures="0" tests="6" name="TestCases.Forgot_Password_test_cases" time="12.984" errors="0" timestamp="2022-06-07T11:03:12 PKT" skipped="0">
  <testcase classname="TestCases.Forgot_Password_test_cases" name="post_test_01_Account_verify_without_confirmation" time="1.721"/>
  <system-out/>
  <testcase classname="TestCases.Forgot_Password_test_cases" name="post_test_02_verify_incorrect_email_forogt_password" time="1.141"/>
  <system-out/>
  <testcase classname="TestCases.Forgot_Password_test_cases" name="post_test_03_verify_required_email_for_forgot_pwd" time="1.192"/>
  <system-out/>
  <testcase classname="TestCases.Forgot_Password_test_cases" name="post_test_04_change_password_with_wrong_old_password" time="2.952"/>
  <system-out/>
  <testcase classname="TestCases.Forgot_Password_test_cases" name="post_test_05_Minimum_length_password_for_changing_password" time="2.781"/>
  <system-out/>
  <testcase classname="TestCases.Forgot_Password_test_cases" name="post_test_06_change_password" time="3.197"/>
  <system-out/>
</testsuite> <!-- TestCases.Forgot_Password_test_cases -->
