<?xml version="1.0" encoding="UTF-8"?>
<!-- Generated by org.testng.reporters.JUnitReportReporter -->
<testsuite hostname="TEO-Younas" failures="0" tests="1" name="TestCases.Token_test_cases" time="0.125" errors="0" timestamp="2022-06-06T22:58:51 PKT" skipped="0">
  <testcase classname="TestCases.Token_test_cases" name="post_test_01_adding_token" time="0.125"/>
  <system-out/>
</testsuite> <!-- TestCases.Token_test_cases -->
