<?xml version="1.0" encoding="UTF-8"?>
<!-- Generated by org.testng.reporters.JUnitReportReporter -->
<testsuite hostname="TEO-Younas" failures="0" tests="2" name="TestCases.Data_driven_example" time="5.572" errors="0" timestamp="2022-05-24T22:09:25 PKT" skipped="0">
  <testcase classname="TestCases.Data_driven_example" name="post_test_01_Verify_new_account_register_status_code" time="1.153"/>
  <system-out/>
  <testcase classname="TestCases.Data_driven_example" name="post_test_01_Verify_new_account_register_status_code" time="4.419"/>
  <system-out/>
</testsuite> <!-- TestCases.Data_driven_example -->
