<?xml version="1.0" encoding="UTF-8"?>
<!-- Generated by org.testng.reporters.JUnitReportReporter -->
<testsuite hostname="TEO-Younas" failures="0" tests="1" name="TestCases.Account_verified" time="5.820" errors="0" timestamp="2022-05-29T15:52:32 PKT" skipped="0">
  <testcase classname="TestCases.Account_verified" name="Get_test_01_Account_verify_without_confirmation" time="5.820"/>
  <system-out/>
</testsuite> <!-- TestCases.Account_verified -->
