<?xml version="1.0" encoding="UTF-8"?>
<!-- Generated by org.testng.reporters.JUnitReportReporter -->
<testsuite hostname="TEO-Younas" failures="0" tests="1" name="TestCases.Company" time="1.772" errors="0" timestamp="2022-06-07T11:03:12 PKT" skipped="0">
  <testcase classname="TestCases.Company" name="post_test_01_Create_company" time="1.772"/>
  <system-out/>
</testsuite> <!-- TestCases.Company -->
